Flow report for VT_Demo
Sun Dec 09 21:09:40 2018
Quartus II 64-Bit Version 13.0.1 Build 232 06/12/2013 Service Pack 1 SJ Web Edition


---------------------
; Table of Contents ;
---------------------
  1. Legal Notice
  2. Flow Summary
  3. Flow Settings
  4. Flow Non-Default Global Settings
  5. Flow Elapsed Time
  6. Flow OS Summary
  7. Flow Log
  8. Flow Messages
  9. Flow Suppressed Messages



----------------
; Legal Notice ;
----------------
Copyright (C) 1991-2013 Altera Corporation
Your use of Altera Corporation's design tools, logic functions 
and other software and tools, and its AMPP partner logic 
functions, and any output files from any of the foregoing 
(including device programming or simulation files), and any 
associated documentation or information are expressly subject 
to the terms and conditions of the Altera Program License 
Subscription Agreement, Altera MegaCore Function License 
Agreement, or other applicable license agreement, including, 
without limitation, that your use is for the sole purpose of 
programming logic devices manufactured by Altera and sold by 
Altera or its authorized distributors.  Please refer to the 
applicable agreement for further details.



+--------------------------------------------------------------------------------------+
; Flow Summary                                                                         ;
+------------------------------------+-------------------------------------------------+
; Flow Status                        ; Successful - Sun Dec 09 21:09:40 2018           ;
; Quartus II 64-Bit Version          ; 13.0.1 Build 232 06/12/2013 SP 1 SJ Web Edition ;
; Revision Name                      ; VT_Demo                                         ;
; Top-level Entity Name              ; VT_Demo                                         ;
; Family                             ; Cyclone III                                     ;
; Device                             ; EP3C16Q240C8                                    ;
; Timing Models                      ; Final                                           ;
; Total logic elements               ; 1,606 / 15,408 ( 10 % )                         ;
;     Total combinational functions  ; 1,575 / 15,408 ( 10 % )                         ;
;     Dedicated logic registers      ; 571 / 15,408 ( 4 % )                            ;
; Total registers                    ; 571                                             ;
; Total pins                         ; 101 / 161 ( 63 % )                              ;
; Total virtual pins                 ; 0                                               ;
; Total memory bits                  ; 0 / 516,096 ( 0 % )                             ;
; Embedded Multiplier 9-bit elements ; 0 / 112 ( 0 % )                                 ;
; Total PLLs                         ; 1 / 4 ( 25 % )                                  ;
+------------------------------------+-------------------------------------------------+


+-----------------------------------------+
; Flow Settings                           ;
+-------------------+---------------------+
; Option            ; Setting             ;
+-------------------+---------------------+
; Start date & time ; 12/09/2018 21:08:49 ;
; Main task         ; Compilation         ;
; Revision Name     ; VT_Demo             ;
+-------------------+---------------------+


+----------------------------------------------------------------------------------------------------------------------+
; Flow Non-Default Global Settings                                                                                     ;
+--------------------------------------+--------------------------------+---------------+-------------+----------------+
; Assignment Name                      ; Value                          ; Default Value ; Entity Name ; Section Id     ;
+--------------------------------------+--------------------------------+---------------+-------------+----------------+
; COMPILER_SIGNATURE_ID                ; 150935011708.154436092908424   ; --            ; --          ; --             ;
; EDA_DESIGN_INSTANCE_NAME             ; i1                             ; --            ; --          ; VT_Demo_vlg    ;
; EDA_NATIVELINK_SIMULATION_TEST_BENCH ; VT_Demo_vlg                    ; --            ; --          ; eda_simulation ;
; EDA_OUTPUT_DATA_FORMAT               ; Verilog Hdl                    ; --            ; --          ; eda_simulation ;
; EDA_RUN_TOOL_AUTOMATICALLY           ; Off                            ; --            ; --          ; eda_simulation ;
; EDA_SIMULATION_TOOL                  ; ModelSim (Verilog)             ; <None>        ; --          ; --             ;
; EDA_TEST_BENCH_ENABLE_STATUS         ; TEST_BENCH_MODE                ; --            ; --          ; eda_simulation ;
; EDA_TEST_BENCH_FILE                  ; simulation/modelsim/VT_Demo.vt ; --            ; --          ; VT_Demo_vlg    ;
; EDA_TEST_BENCH_MODULE_NAME           ; VT_Demo_vlg_tst                ; --            ; --          ; VT_Demo_vlg    ;
; EDA_TEST_BENCH_NAME                  ; VT_Demo_vlg                    ; --            ; --          ; eda_simulation ;
; EDA_TEST_BENCH_RUN_SIM_FOR           ; 1 ms                           ; --            ; --          ; VT_Demo_vlg    ;
; EDA_TIME_SCALE                       ; 1 ns                           ; --            ; --          ; eda_simulation ;
; IP_TOOL_NAME                         ; ALTPLL                         ; --            ; --          ; --             ;
; IP_TOOL_VERSION                      ; 13.0                           ; --            ; --          ; --             ;
; MAX_CORE_JUNCTION_TEMP               ; 85                             ; --            ; --          ; --             ;
; MIN_CORE_JUNCTION_TEMP               ; 0                              ; --            ; --          ; --             ;
; MISC_FILE                            ; rtl/megafunc/mypll.ppf         ; --            ; --          ; --             ;
; OUTPUT_IO_TIMING_FAR_END_VMEAS       ; Half Signal Swing              ; --            ; --          ; --             ;
; OUTPUT_IO_TIMING_FAR_END_VMEAS       ; Half Signal Swing              ; --            ; --          ; --             ;
; OUTPUT_IO_TIMING_NEAR_END_VMEAS      ; Half Vccio                     ; --            ; --          ; --             ;
; OUTPUT_IO_TIMING_NEAR_END_VMEAS      ; Half Vccio                     ; --            ; --          ; --             ;
; PARTITION_COLOR                      ; 16764057                       ; --            ; --          ; Top            ;
; PARTITION_FITTER_PRESERVATION_LEVEL  ; PLACEMENT_AND_ROUTING          ; --            ; --          ; Top            ;
; PARTITION_NETLIST_TYPE               ; SOURCE                         ; --            ; --          ; Top            ;
; PROJECT_OUTPUT_DIRECTORY             ; output_files                   ; --            ; --          ; --             ;
+--------------------------------------+--------------------------------+---------------+-------------+----------------+


+-------------------------------------------------------------------------------------------------------------------------------+
; Flow Elapsed Time                                                                                                             ;
+---------------------------+--------------+-------------------------+---------------------+------------------------------------+
; Module Name               ; Elapsed Time ; Average Processors Used ; Peak Virtual Memory ; Total CPU Time (on all processors) ;
+---------------------------+--------------+-------------------------+---------------------+------------------------------------+
; Analysis & Synthesis      ; 00:00:14     ; 1.0                     ; 439 MB              ; 00:00:13                           ;
; Fitter                    ; 00:00:16     ; 1.0                     ; 710 MB              ; 00:00:15                           ;
; Assembler                 ; 00:00:02     ; 1.0                     ; 413 MB              ; 00:00:02                           ;
; TimeQuest Timing Analyzer ; 00:00:05     ; 1.0                     ; 457 MB              ; 00:00:04                           ;
; EDA Netlist Writer        ; 00:00:06     ; 1.0                     ; 396 MB              ; 00:00:04                           ;
; Total                     ; 00:00:43     ; --                      ; --                  ; 00:00:38                           ;
+---------------------------+--------------+-------------------------+---------------------+------------------------------------+


+----------------------------------------------------------------------------------------+
; Flow OS Summary                                                                        ;
+---------------------------+------------------+-----------+------------+----------------+
; Module Name               ; Machine Hostname ; OS Name   ; OS Version ; Processor type ;
+---------------------------+------------------+-----------+------------+----------------+
; Analysis & Synthesis      ; XMPCRDD0070      ; Windows 7 ; 6.1        ; x86_64         ;
; Fitter                    ; XMPCRDD0070      ; Windows 7 ; 6.1        ; x86_64         ;
; Assembler                 ; XMPCRDD0070      ; Windows 7 ; 6.1        ; x86_64         ;
; TimeQuest Timing Analyzer ; XMPCRDD0070      ; Windows 7 ; 6.1        ; x86_64         ;
; EDA Netlist Writer        ; XMPCRDD0070      ; Windows 7 ; 6.1        ; x86_64         ;
+---------------------------+------------------+-----------+------------+----------------+


------------
; Flow Log ;
------------
quartus_map --read_settings_files=on --write_settings_files=off VT_Demo -c VT_Demo
quartus_fit --read_settings_files=off --write_settings_files=off VT_Demo -c VT_Demo
quartus_asm --read_settings_files=off --write_settings_files=off VT_Demo -c VT_Demo
quartus_sta VT_Demo -c VT_Demo
quartus_eda --read_settings_files=off --write_settings_files=off VT_Demo -c VT_Demo



